<?xml version="1.0" encoding="UTF-8"?>
<!-- Generated by org.testng.reporters.JUnitReportReporter -->
<testsuite hostname="ASHUSHIVAMDELL2021" failures="0" tests="1" name="ashushivamproject.TestCaseSelenium" time="9.765" errors="0" timestamp="2021-11-24T13:59:55 IST" skipped="0">
  <testcase classname="ashushivamproject.TestCaseSelenium" name="LoginTest" time="9.765"/>
  <system-out/>
</testsuite> <!-- ashushivamproject.TestCaseSelenium -->
