<?xml version="1.0" encoding="UTF-8"?>
<!-- Generated by org.testng.reporters.JUnitReportReporter -->
<testsuite hostname="ASHUSHIVAMDELL2021" failures="0" tests="1" name="ashushivamproject.TestCaseOrangeHRM" time="13.278" errors="0" timestamp="2021-11-24T13:59:55 IST" skipped="0">
  <testcase classname="ashushivamproject.TestCaseOrangeHRM" name="loginOrangeHRM" time="13.278"/>
  <system-out/>
</testsuite> <!-- ashushivamproject.TestCaseOrangeHRM -->
