<?xml version="1.0" encoding="UTF-8"?>
<!-- Generated by org.testng.reporters.JUnitReportReporter -->
<testsuite hostname="ASHUSHIVAMDELL2021" failures="0" tests="1" name="ashushivamproject.TestCaseSelenium" time="13.784" errors="0" timestamp="2021-11-24T14:33:51 IST" skipped="0">
  <testcase classname="ashushivamproject.TestCaseSelenium" name="LoginTest" time="13.784"/>
  <system-out/>
</testsuite> <!-- ashushivamproject.TestCaseSelenium -->
