<?xml version="1.0" encoding="UTF-8"?>
<!-- Generated by org.testng.reporters.JUnitReportReporter -->
<testsuite hostname="ASHUSHIVAMDELL2021" failures="0" tests="1" name="ashushivamproject.TestCaseOrangeHRM" time="17.711" errors="0" timestamp="2021-11-24T14:33:51 IST" skipped="0">
  <testcase classname="ashushivamproject.TestCaseOrangeHRM" name="loginOrangeHRM" time="17.711"/>
  <system-out/>
</testsuite> <!-- ashushivamproject.TestCaseOrangeHRM -->
